<?xml version="1.0" encoding="UTF-8"?>
<testng-results ignored="0" total="1" passed="1" failed="0" skipped="0">
  <reporter-output>
    <line>
      <![CDATA[=====connected to DB=======]]>
    </line>
    <line>
      <![CDATA[====CHROME IS LAUNCHED SUCCESSFULLY====]]>
    </line>
    <line>
      <![CDATA[======Login is Successfull=====]]>
    </line>
    <line>
      <![CDATA[=====Logout is Successfull=====]]>
    </line>
    <line>
      <![CDATA[=====BROWSER IS CLOSED======]]>
    </line>
    <line>
      <![CDATA[=====database is closed=====]]>
    </line>
  </reporter-output>
  <suite started-at="2025-01-24T11:21:34 IST" name="Default suite" finished-at="2025-01-24T11:22:11 IST" duration-ms="36975">
    <groups>
    </groups>
    <test started-at="2025-01-24T11:21:34 IST" name="Default test" finished-at="2025-01-24T11:22:11 IST" duration-ms="36975">
      <class name="com.tp.demo.OrganizationTest.CreateOrganizationTest">
        <test-method is-config="true" signature="connectToDB()[pri:0, instance:com.tp.demo.OrganizationTest.CreateOrganizationTest@48075da3]" started-at="2025-01-24T11:21:34 IST" name="connectToDB" finished-at="2025-01-24T11:21:34 IST" duration-ms="12" status="PASS">
          <reporter-output>
            <line>
              <![CDATA[=====connected to DB=======]]>
            </line>
          </reporter-output>
        </test-method> <!-- connectToDB -->
        <test-method is-config="true" signature="launchBrowser(java.lang.String)[pri:0, instance:com.tp.demo.OrganizationTest.CreateOrganizationTest@48075da3]" started-at="2025-01-24T11:21:34 IST" name="launchBrowser" finished-at="2025-01-24T11:21:40 IST" duration-ms="5545" status="PASS">
          <params>
            <param index="0">
              <value>
                <![CDATA[chrome]]>
              </value>
            </param>
          </params>
          <reporter-output>
            <line>
              <![CDATA[====CHROME IS LAUNCHED SUCCESSFULLY====]]>
            </line>
          </reporter-output>
        </test-method> <!-- launchBrowser -->
        <test-method is-config="true" signature="login()[pri:0, instance:com.tp.demo.OrganizationTest.CreateOrganizationTest@48075da3]" started-at="2025-01-24T11:21:40 IST" name="login" finished-at="2025-01-24T11:21:44 IST" duration-ms="4040" status="PASS">
          <reporter-output>
            <line>
              <![CDATA[======Login is Successfull=====]]>
            </line>
          </reporter-output>
        </test-method> <!-- login -->
        <test-method signature="createOrgTest()[pri:0, instance:com.tp.demo.OrganizationTest.CreateOrganizationTest@48075da3]" started-at="2025-01-24T11:21:44 IST" name="createOrgTest" finished-at="2025-01-24T11:22:09 IST" duration-ms="25122" status="PASS">
          <reporter-output>
          </reporter-output>
        </test-method> <!-- createOrgTest -->
        <test-method is-config="true" signature="logout()[pri:0, instance:com.tp.demo.OrganizationTest.CreateOrganizationTest@48075da3]" started-at="2025-01-24T11:22:09 IST" name="logout" finished-at="2025-01-24T11:22:11 IST" duration-ms="2196" status="PASS">
          <reporter-output>
            <line>
              <![CDATA[=====Logout is Successfull=====]]>
            </line>
          </reporter-output>
        </test-method> <!-- logout -->
        <test-method is-config="true" signature="closeBrowser()[pri:0, instance:com.tp.demo.OrganizationTest.CreateOrganizationTest@48075da3]" started-at="2025-01-24T11:22:11 IST" name="closeBrowser" finished-at="2025-01-24T11:22:11 IST" duration-ms="1" status="PASS">
          <reporter-output>
            <line>
              <![CDATA[=====BROWSER IS CLOSED======]]>
            </line>
          </reporter-output>
        </test-method> <!-- closeBrowser -->
        <test-method is-config="true" signature="closeDB()[pri:0, instance:com.tp.demo.OrganizationTest.CreateOrganizationTest@48075da3]" started-at="2025-01-24T11:22:11 IST" name="closeDB" finished-at="2025-01-24T11:22:11 IST" duration-ms="0" status="PASS">
          <reporter-output>
            <line>
              <![CDATA[=====database is closed=====]]>
            </line>
          </reporter-output>
        </test-method> <!-- closeDB -->
      </class> <!-- com.tp.demo.OrganizationTest.CreateOrganizationTest -->
    </test> <!-- Default test -->
  </suite> <!-- Default suite -->
</testng-results>
